[1112/151026.196:ERROR:batching_media_log.cc(38)] MediaEvent: {"error":"FFmpegDemuxer: no supported streams"}
[1112/151026.196:ERROR:batching_media_log.cc(35)] MediaEvent: {"pipeline_error":14}
[1112/151027.304:WARNING:spdy_session.cc(3365)] Received HEADERS for invalid stream 151
[1112/151035.755:ERROR:audio_rtp_receiver.cc(89)] AudioRtpReceiver::OnSetVolume: No audio channel exists.
[1112/151035.756:WARNING:used_ids.h(55)] Duplicate id found. Reassigning from 104 to 127
[1112/151035.756:WARNING:used_ids.h(55)] Duplicate id found. Reassigning from 103 to 125
[1112/151035.756:WARNING:used_ids.h(55)] Duplicate id found. Reassigning from 1 to 14
[1112/151035.756:WARNING:used_ids.h(55)] Duplicate id found. Reassigning from 3 to 13
[1112/151035.756:WARNING:used_ids.h(55)] Duplicate id found. Reassigning from 5 to 12
[1112/151035.756:WARNING:used_ids.h(55)] Duplicate id found. Reassigning from 6 to 11
[1112/151042.830:ERROR:audio_rtp_receiver.cc(89)] AudioRtpReceiver::OnSetVolume: No audio channel exists.
[1112/151042.831:WARNING:used_ids.h(55)] Duplicate id found. Reassigning from 104 to 127
[1112/151042.831:WARNING:used_ids.h(55)] Duplicate id found. Reassigning from 102 to 125
[1112/151042.831:WARNING:used_ids.h(55)] Duplicate id found. Reassigning from 104 to 124
[1112/151042.831:WARNING:used_ids.h(55)] Duplicate id found. Reassigning from 106 to 123
[1112/151042.831:WARNING:used_ids.h(55)] Duplicate id found. Reassigning from 103 to 122
[1112/151042.831:WARNING:used_ids.h(55)] Duplicate id found. Reassigning from 105 to 121
[1112/151042.831:WARNING:used_ids.h(55)] Duplicate id found. Reassigning from 109 to 120
[1112/151042.831:WARNING:used_ids.h(55)] Duplicate id found. Reassigning from 1 to 14
[1112/151042.831:WARNING:used_ids.h(55)] Duplicate id found. Reassigning from 3 to 13
[1112/151042.831:WARNING:used_ids.h(55)] Duplicate id found. Reassigning from 5 to 12
[1112/151042.831:WARNING:used_ids.h(55)] Duplicate id found. Reassigning from 6 to 11
[1112/191407.998:WARNING:dns_config_service_win.cc(700)] Failed to read DnsConfig.
[1112/191408.000:WARNING:dns_config_service_win.cc(700)] Failed to read DnsConfig.
[1112/191949.702:ERROR:audio_rtp_receiver.cc(89)] AudioRtpReceiver::OnSetVolume: No audio channel exists.
[1112/191949.703:WARNING:used_ids.h(55)] Duplicate id found. Reassigning from 104 to 127
[1112/191949.703:WARNING:used_ids.h(55)] Duplicate id found. Reassigning from 102 to 125
[1112/191949.703:WARNING:used_ids.h(55)] Duplicate id found. Reassigning from 104 to 124
[1112/191949.703:WARNING:used_ids.h(55)] Duplicate id found. Reassigning from 106 to 123
[1112/191949.703:WARNING:used_ids.h(55)] Duplicate id found. Reassigning from 103 to 122
[1112/191949.703:WARNING:used_ids.h(55)] Duplicate id found. Reassigning from 105 to 121
[1112/191949.703:WARNING:used_ids.h(55)] Duplicate id found. Reassigning from 109 to 120
[1112/191949.704:WARNING:used_ids.h(55)] Duplicate id found. Reassigning from 1 to 14
[1112/191949.704:WARNING:used_ids.h(55)] Duplicate id found. Reassigning from 3 to 13
[1112/191949.704:WARNING:used_ids.h(55)] Duplicate id found. Reassigning from 5 to 12
[1112/191949.704:WARNING:used_ids.h(55)] Duplicate id found. Reassigning from 6 to 11
[1112/192027.576:ERROR:batching_media_log.cc(38)] MediaEvent: {"error":"FFmpegDemuxer: no supported streams"}
[1112/192027.576:ERROR:batching_media_log.cc(35)] MediaEvent: {"pipeline_error":14}
[1112/192027.608:WARNING:spdy_session.cc(3365)] Received HEADERS for invalid stream 37
[1112/192030.179:ERROR:batching_media_log.cc(38)] MediaEvent: {"error":"FFmpegDemuxer: no supported streams"}
[1112/192030.179:ERROR:batching_media_log.cc(35)] MediaEvent: {"pipeline_error":14}
[1112/192118.879:WARNING:used_ids.h(55)] Duplicate id found. Reassigning from 104 to 127
[1112/192118.879:WARNING:used_ids.h(55)] Duplicate id found. Reassigning from 103 to 125
[1112/192118.879:WARNING:used_ids.h(55)] Duplicate id found. Reassigning from 1 to 14
[1112/192118.879:WARNING:used_ids.h(55)] Duplicate id found. Reassigning from 3 to 13
[1112/192118.879:WARNING:used_ids.h(55)] Duplicate id found. Reassigning from 5 to 12
[1112/192118.879:WARNING:used_ids.h(55)] Duplicate id found. Reassigning from 6 to 11
[1112/192118.880:ERROR:audio_rtp_receiver.cc(89)] AudioRtpReceiver::OnSetVolume: No audio channel exists.
[1112/192133.753:ERROR:audio_rtp_receiver.cc(89)] AudioRtpReceiver::OnSetVolume: No audio channel exists.
[1112/192133.753:WARNING:used_ids.h(55)] Duplicate id found. Reassigning from 104 to 127
[1112/192133.753:WARNING:used_ids.h(55)] Duplicate id found. Reassigning from 102 to 125
[1112/192133.753:WARNING:used_ids.h(55)] Duplicate id found. Reassigning from 104 to 124
[1112/192133.753:WARNING:used_ids.h(55)] Duplicate id found. Reassigning from 106 to 123
[1112/192133.753:WARNING:used_ids.h(55)] Duplicate id found. Reassigning from 103 to 122
[1112/192133.753:WARNING:used_ids.h(55)] Duplicate id found. Reassigning from 105 to 121
[1112/192133.753:WARNING:used_ids.h(55)] Duplicate id found. Reassigning from 109 to 120
[1112/192133.753:WARNING:used_ids.h(55)] Duplicate id found. Reassigning from 1 to 14
[1112/192133.753:WARNING:used_ids.h(55)] Duplicate id found. Reassigning from 3 to 13
[1112/192133.753:WARNING:used_ids.h(55)] Duplicate id found. Reassigning from 5 to 12
[1112/192133.753:WARNING:used_ids.h(55)] Duplicate id found. Reassigning from 6 to 11
[1112/192343.803:ERROR:batching_media_log.cc(38)] MediaEvent: {"error":"FFmpegDemuxer: no supported streams"}
[1112/192343.810:ERROR:batching_media_log.cc(35)] MediaEvent: {"pipeline_error":14}
[1112/192343.833:ERROR:batching_media_log.cc(38)] MediaEvent: {"error":"FFmpegDemuxer: no supported streams"}
[1112/192343.834:ERROR:batching_media_log.cc(35)] MediaEvent: {"pipeline_error":14}
[1112/192346.030:WARNING:spdy_session.cc(3365)] Received HEADERS for invalid stream 7
[1112/192437.074:WARNING:used_ids.h(55)] Duplicate id found. Reassigning from 104 to 127
[1112/192437.074:WARNING:used_ids.h(55)] Duplicate id found. Reassigning from 103 to 125
[1112/192437.075:WARNING:used_ids.h(55)] Duplicate id found. Reassigning from 1 to 14
[1112/192437.075:WARNING:used_ids.h(55)] Duplicate id found. Reassigning from 3 to 13
[1112/192437.075:WARNING:used_ids.h(55)] Duplicate id found. Reassigning from 5 to 12
[1112/192437.075:WARNING:used_ids.h(55)] Duplicate id found. Reassigning from 6 to 11
[1112/192437.075:ERROR:audio_rtp_receiver.cc(89)] AudioRtpReceiver::OnSetVolume: No audio channel exists.
[1112/192446.416:WARNING:spdy_session.cc(3365)] Received HEADERS for invalid stream 51
[1112/192511.608:ERROR:batching_media_log.cc(38)] MediaEvent: {"error":"FFmpegDemuxer: no supported streams"}
[1112/192511.616:ERROR:batching_media_log.cc(35)] MediaEvent: {"pipeline_error":14}
[1112/192511.640:ERROR:batching_media_log.cc(38)] MediaEvent: {"error":"FFmpegDemuxer: no supported streams"}
[1112/192511.640:ERROR:batching_media_log.cc(35)] MediaEvent: {"pipeline_error":14}
[1112/192511.697:WARNING:spdy_session.cc(3365)] Received HEADERS for invalid stream 3
[1112/192512.940:WARNING:spdy_session.cc(3365)] Received HEADERS for invalid stream 5
